Nothing to build in platform 'main_design_wrapper'

18:12:04 **** Incremental Build of configuration Debug for project S4e_Depart_Code_Vitis ****
make all 
'Building file: ../src/main.c'
'Invoking: MicroBlaze gcc compiler'
mb-gcc -Wall -O0 -g3 -I"D:\Code_D_trous\SuperMegaFinal_update\Version3\S4e_Depart_Code_Vitis\src" -c -fmessage-length=0 -MT"src/main.o" -ID:/Code_D_trous/SuperMegaFinal_update/Version3/main_design_wrapper/export/main_design_wrapper/sw/main_design_wrapper/standalone_microblaze_0/bspinclude/include -mlittle-endian -mno-xl-soft-div -mcpu=v11.0 -mno-xl-soft-mul -mhard-float -mxl-float-convert -mxl-float-sqrt -Wl,--no-relax -ffunction-sections -fdata-sections -MMD -MP -MF"src/main.d" -MT"src/main.o" -o "src/main.o" "../src/main.c"
../src/main.c: In function 'systemInit':
../src/main.c:99:12: warning: variable 'error' set but not used [-Wunused-but-set-variable]
   99 |    error_t error;
      |            ^~~~~
../src/main.c: In function 'SetupInterruptSystem':
../src/main.c:174:6: warning: variable 'Status' set but not used [-Wunused-but-set-variable]
  174 |  int Status;
      |      ^~~~~~
../src/main.c: In function 'uartInit':
../src/main.c:234:6: warning: variable 'Status' set but not used [-Wunused-but-set-variable]
  234 |  int Status;
      |      ^~~~~~
../src/main.c: In function 'convertCharToInt':
../src/main.c:367:7: warning: unused variable 'bufferTest' [-Wunused-variable]
  367 |  char bufferTest[4] = {0xFF, 0xFF, 0XFF, 0xFE};
      |       ^~~~~~~~~~
'Finished building: ../src/main.c'
' '
'Building target: S4e_Depart_Code_Vitis.elf'
'Invoking: MicroBlaze gcc linker'
mb-gcc -Wl,-T -Wl,../src/lscript.ld -LD:/Code_D_trous/SuperMegaFinal_update/Version3/main_design_wrapper/export/main_design_wrapper/sw/main_design_wrapper/standalone_microblaze_0/bsplib/lib -mlittle-endian -mno-xl-soft-div -mcpu=v11.0 -mno-xl-soft-mul -mhard-float -mxl-float-convert -mxl-float-sqrt -Wl,--no-relax -Wl,--gc-sections -o "S4e_Depart_Code_Vitis.elf"  ./src/cyclone_tcp/std_services/echo.o  ./src/cyclone_tcp/ipv4/arp.o ./src/cyclone_tcp/ipv4/ipv4.o  ./src/cyclone_tcp/drivers/eth/enc624j600_driver.o  ./src/cyclone_tcp/core/ethernet.o ./src/cyclone_tcp/core/ip.o ./src/cyclone_tcp/core/net.o ./src/cyclone_tcp/core/net_mem.o ./src/cyclone_tcp/core/nic.o ./src/cyclone_tcp/core/socket.o ./src/cyclone_tcp/core/udp.o  ./src/cyclone_tcp/ext_int_driver.o ./src/cyclone_tcp/spi_driver.o  ./src/common/cpu_endian.o ./src/common/date_time.o ./src/common/os_port_none.o  ./src/main.o   -Wl,--start-group,-lxil,-lgcc,-lc,--end-group
'Finished building target: S4e_Depart_Code_Vitis.elf'
' '
'Invoking: MicroBlaze Print Size'
mb-size S4e_Depart_Code_Vitis.elf  |tee "S4e_Depart_Code_Vitis.elf.size"
   text	   data	    bss	    dec	    hex	filename
 111672	   1860	  12740	 126272	  1ed40	S4e_Depart_Code_Vitis.elf
'Finished building: S4e_Depart_Code_Vitis.elf.size'
' '
