19:38:38 INFO  : Registering command handlers for Vitis TCF services
19:38:38 INFO  : Launching XSCT server: xsct.bat -n  -interactive C:\Users\cbowlieu\github\Projet-S4\ZYBO\ZYBO_PROJET_S4\VITIS_WORKSPACE\temp_xsdb_launch_script.tcl
19:38:40 INFO  : Platform repository initialization has completed.
19:38:40 INFO  : XSCT server has started successfully.
19:38:40 INFO  : Successfully done setting XSCT server connection channel  
19:38:40 INFO  : plnx-install-location is set to ''
19:38:40 INFO  : Successfully done query RDI_DATADIR 
19:38:40 INFO  : Successfully done setting workspace for the tool. 
19:44:09 INFO  : Result from executing command 'getProjects': design_1_wrapper
19:44:09 INFO  : Result from executing command 'getPlatforms': 
19:44:09 WARN  : An unexpected exception occurred in the module 'platform project logging'
19:44:09 INFO  : Platform 'design_1_wrapper' is added to custom repositories.
19:44:15 INFO  : Platform 'design_1_wrapper' is added to custom repositories.
19:44:28 INFO  : Result from executing command 'getProjects': design_1_wrapper
19:44:28 INFO  : Result from executing command 'getPlatforms': design_1_wrapper|C:/Users/cbowlieu/github/Projet-S4/ZYBO/ZYBO_PROJET_S4/VITIS_WORKSPACE/design_1_wrapper/export/design_1_wrapper/design_1_wrapper.xpfm
19:44:29 INFO  : Checking for BSP changes to sync application flags for project 'ZYBO_PROJET_S4'...
19:46:04 INFO  : Checking for BSP changes to sync application flags for project 'ZYBO_PROJET_S4'...
19:46:31 INFO  : Checking for BSP changes to sync application flags for project 'ZYBO_PROJET_S4'...
19:47:18 INFO  : Checking for BSP changes to sync application flags for project 'ZYBO_PROJET_S4'...
19:47:26 INFO  : Checking for BSP changes to sync application flags for project 'ZYBO_PROJET_S4'...
19:47:59 INFO  : Checking for BSP changes to sync application flags for project 'ZYBO_PROJET_S4'...
19:49:57 INFO  : Checking for BSP changes to sync application flags for project 'ZYBO_PROJET_S4'...
19:50:52 INFO  : Build configuration of 'ZYBO_PROJET_S4_system' is updated to 'Release'
19:50:52 INFO  : Build configuration of system project is automatically updated to 'Release'.
19:50:52 INFO  : Checking for BSP changes to sync application flags for project 'ZYBO_PROJET_S4'...
19:50:56 INFO  : Checking for BSP changes to sync application flags for project 'ZYBO_PROJET_S4'...
19:52:02 INFO  : Result from executing command 'getProjects': design_1_wrapper
19:52:02 INFO  : Result from executing command 'getPlatforms': design_1_wrapper|C:/Users/cbowlieu/github/Projet-S4/ZYBO/ZYBO_PROJET_S4/VITIS_WORKSPACE/design_1_wrapper/export/design_1_wrapper/design_1_wrapper.xpfm
19:52:02 INFO  : Checking for BSP changes to sync application flags for project 'ZYBO_PROJET_S4'...
19:52:12 INFO  : Checking for BSP changes to sync application flags for project 'ZYBO_PROJET_S4'...
19:55:53 INFO  : Checking for BSP changes to sync application flags for project 'ZYBO_PROJET_S4'...
20:03:37 INFO  : Hardware specification for platform project 'design_1_wrapper' is updated.
20:03:43 INFO  : Result from executing command 'getProjects': design_1_wrapper
20:03:43 INFO  : Result from executing command 'getPlatforms': design_1_wrapper|C:/Users/cbowlieu/github/Projet-S4/ZYBO/ZYBO_PROJET_S4/VITIS_WORKSPACE/design_1_wrapper/export/design_1_wrapper/design_1_wrapper.xpfm
20:03:49 INFO  : Checking for BSP changes to sync application flags for project 'ZYBO_PROJET_S4'...
20:10:28 INFO  : Hardware specification for platform project 'design_1_wrapper' is updated.
20:10:33 INFO  : Result from executing command 'getProjects': design_1_wrapper
20:10:33 INFO  : Result from executing command 'getPlatforms': design_1_wrapper|C:/Users/cbowlieu/github/Projet-S4/ZYBO/ZYBO_PROJET_S4/VITIS_WORKSPACE/design_1_wrapper/export/design_1_wrapper/design_1_wrapper.xpfm
20:10:47 INFO  : Build configuration of 'ZYBO_PROJET_S4' is updated to 'Debug'
20:10:47 INFO  : Checking for BSP changes to sync application flags for project 'ZYBO_PROJET_S4'...
20:10:49 INFO  : The hardware specfication used by project 'ZYBO_PROJET_S4' is out of sync with the platform. Resource files extracted from the hardware specfiication will be updated.
20:10:49 INFO  : The file 'C:\Users\cbowlieu\github\Projet-S4\ZYBO\ZYBO_PROJET_S4\VITIS_WORKSPACE\ZYBO_PROJET_S4\_ide\bitstream\design_1_wrapper.bit' stored in project is removed.
20:10:49 INFO  : The file 'C:\Users\cbowlieu\github\Projet-S4\ZYBO\ZYBO_PROJET_S4\VITIS_WORKSPACE\ZYBO_PROJET_S4\_ide\bitstream\design_1_wrapper.mmi' stored in project is removed.
20:10:49 INFO  : The updated bitstream files are copied from platform to folder 'C:\Users\cbowlieu\github\Projet-S4\ZYBO\ZYBO_PROJET_S4\VITIS_WORKSPACE\ZYBO_PROJET_S4\_ide\bitstream' in project 'ZYBO_PROJET_S4'.
20:10:49 INFO  : The file 'C:\Users\cbowlieu\github\Projet-S4\ZYBO\ZYBO_PROJET_S4\VITIS_WORKSPACE\ZYBO_PROJET_S4\_ide\psinit\ps7_init.tcl' stored in project is removed.
20:10:53 INFO  : The updated ps init files are copied from platform to folder 'C:\Users\cbowlieu\github\Projet-S4\ZYBO\ZYBO_PROJET_S4\VITIS_WORKSPACE\ZYBO_PROJET_S4\_ide\psinit' in project 'ZYBO_PROJET_S4'.
20:10:59 INFO  : Checking for BSP changes to sync application flags for project 'ZYBO_PROJET_S4'...
20:13:17 INFO  : Result from executing command 'getProjects': design_1_wrapper
20:13:17 INFO  : Result from executing command 'getPlatforms': design_1_wrapper|C:/Users/cbowlieu/github/Projet-S4/ZYBO/ZYBO_PROJET_S4/VITIS_WORKSPACE/design_1_wrapper/export/design_1_wrapper/design_1_wrapper.xpfm
20:13:17 INFO  : Checking for BSP changes to sync application flags for project 'ZYBO_PROJET_S4'...
20:13:22 INFO  : Checking for BSP changes to sync application flags for project 'ZYBO_PROJET_S4'...
20:19:54 INFO  : Checking for BSP changes to sync application flags for project 'ZYBO_PROJET_S4'...
20:21:20 INFO  : Connected to target on host '127.0.0.1' and port '3121'.
20:21:20 INFO  : Jtag cable 'Digilent Zybo Z7 210351A77C98A' is selected.
20:21:20 INFO  : 'jtag frequency' command is executed.
20:21:20 INFO  : Context for 'APU' is selected.
20:21:21 INFO  : System reset is completed.
20:21:24 INFO  : 'after 3000' command is executed.
20:21:24 INFO  : 'targets -set -filter {jtag_cable_name =~ "Digilent Zybo Z7 210351A77C98A" && level==0 && jtag_device_ctx=="jsn-Zybo Z7-210351A77C98A-13722093-0"}' command is executed.
20:21:25 INFO  : Device configured successfully with "C:/Users/cbowlieu/github/Projet-S4/ZYBO/ZYBO_PROJET_S4/VITIS_WORKSPACE/ZYBO_PROJET_S4/_ide/bitstream/design_1_wrapper.bit"
20:21:25 INFO  : Context for 'APU' is selected.
20:21:25 INFO  : Hardware design and registers information is loaded from 'C:/Users/cbowlieu/github/Projet-S4/ZYBO/ZYBO_PROJET_S4/VITIS_WORKSPACE/design_1_wrapper/export/design_1_wrapper/hw/design_1_wrapper.xsa'.
20:21:25 INFO  : 'configparams force-mem-access 1' command is executed.
20:21:25 INFO  : Context for 'APU' is selected.
20:21:25 INFO  : 'configparams mdm-detect-bscan-mask 2' command is executed.
20:21:25 INFO  : Context for processor 'microblaze_0' is selected.
20:21:25 INFO  : The application 'C:/Users/cbowlieu/github/Projet-S4/ZYBO/ZYBO_PROJET_S4/VITIS_WORKSPACE/ZYBO_PROJET_S4/Debug/ZYBO_PROJET_S4.elf' is downloaded to processor 'microblaze_0'.
20:21:25 INFO  : 'configparams force-mem-access 0' command is executed.
20:21:25 INFO  : ----------------XSDB Script----------------
connect -url tcp:127.0.0.1:3121
targets -set -nocase -filter {name =~"APU*"}
rst -system
after 3000
targets -set -filter {jtag_cable_name =~ "Digilent Zybo Z7 210351A77C98A" && level==0 && jtag_device_ctx=="jsn-Zybo Z7-210351A77C98A-13722093-0"}
fpga -file C:/Users/cbowlieu/github/Projet-S4/ZYBO/ZYBO_PROJET_S4/VITIS_WORKSPACE/ZYBO_PROJET_S4/_ide/bitstream/design_1_wrapper.bit
targets -set -nocase -filter {name =~"APU*"}
loadhw -hw C:/Users/cbowlieu/github/Projet-S4/ZYBO/ZYBO_PROJET_S4/VITIS_WORKSPACE/design_1_wrapper/export/design_1_wrapper/hw/design_1_wrapper.xsa -mem-ranges [list {0x40000000 0xbfffffff}] -regs
configparams force-mem-access 1
targets -set -nocase -filter {name =~"APU*"}
configparams mdm-detect-bscan-mask 2
targets -set -nocase -filter {name =~ "*microblaze*#0" && bscan=="USER2" }
dow C:/Users/cbowlieu/github/Projet-S4/ZYBO/ZYBO_PROJET_S4/VITIS_WORKSPACE/ZYBO_PROJET_S4/Debug/ZYBO_PROJET_S4.elf
configparams force-mem-access 0
----------------End of Script----------------

20:21:25 INFO  : Context for processor 'microblaze_0' is selected.
20:21:25 INFO  : 'con' command is executed.
20:21:25 INFO  : ----------------XSDB Script (After Launch)----------------
targets -set -nocase -filter {name =~ "*microblaze*#0" && bscan=="USER2" }
con
----------------End of Script----------------

20:21:25 INFO  : Launch script is exported to file 'C:\Users\cbowlieu\github\Projet-S4\ZYBO\ZYBO_PROJET_S4\VITIS_WORKSPACE\ZYBO_PROJET_S4_system\_ide\scripts\debugger_zybo_projet_s4-default.tcl'
22:09:06 INFO  : Disconnected from the channel tcfchan#8.
22:09:07 INFO  : Connected to target on host '127.0.0.1' and port '3121'.
22:09:07 INFO  : Jtag cable 'Digilent Zybo Z7 210351A77C98A' is selected.
22:09:07 INFO  : 'jtag frequency' command is executed.
22:09:07 INFO  : Context for 'APU' is selected.
22:09:07 INFO  : System reset is completed.
22:09:10 INFO  : 'after 3000' command is executed.
22:09:10 INFO  : 'targets -set -filter {jtag_cable_name =~ "Digilent Zybo Z7 210351A77C98A" && level==0 && jtag_device_ctx=="jsn-Zybo Z7-210351A77C98A-13722093-0"}' command is executed.
22:09:11 INFO  : Device configured successfully with "C:/Users/cbowlieu/github/Projet-S4/ZYBO/ZYBO_PROJET_S4/VITIS_WORKSPACE/ZYBO_PROJET_S4/_ide/bitstream/design_1_wrapper.bit"
22:09:11 INFO  : Context for 'APU' is selected.
22:09:11 INFO  : Hardware design and registers information is loaded from 'C:/Users/cbowlieu/github/Projet-S4/ZYBO/ZYBO_PROJET_S4/VITIS_WORKSPACE/design_1_wrapper/export/design_1_wrapper/hw/design_1_wrapper.xsa'.
22:09:11 INFO  : 'configparams force-mem-access 1' command is executed.
22:09:11 INFO  : Context for 'APU' is selected.
22:09:11 INFO  : 'configparams mdm-detect-bscan-mask 2' command is executed.
22:09:11 INFO  : Context for processor 'microblaze_0' is selected.
22:09:12 INFO  : The application 'C:/Users/cbowlieu/github/Projet-S4/ZYBO/ZYBO_PROJET_S4/VITIS_WORKSPACE/ZYBO_PROJET_S4/Debug/ZYBO_PROJET_S4.elf' is downloaded to processor 'microblaze_0'.
22:09:12 INFO  : 'configparams force-mem-access 0' command is executed.
22:09:12 INFO  : ----------------XSDB Script----------------
connect -url tcp:127.0.0.1:3121
targets -set -nocase -filter {name =~"APU*"}
rst -system
after 3000
targets -set -filter {jtag_cable_name =~ "Digilent Zybo Z7 210351A77C98A" && level==0 && jtag_device_ctx=="jsn-Zybo Z7-210351A77C98A-13722093-0"}
fpga -file C:/Users/cbowlieu/github/Projet-S4/ZYBO/ZYBO_PROJET_S4/VITIS_WORKSPACE/ZYBO_PROJET_S4/_ide/bitstream/design_1_wrapper.bit
targets -set -nocase -filter {name =~"APU*"}
loadhw -hw C:/Users/cbowlieu/github/Projet-S4/ZYBO/ZYBO_PROJET_S4/VITIS_WORKSPACE/design_1_wrapper/export/design_1_wrapper/hw/design_1_wrapper.xsa -mem-ranges [list {0x40000000 0xbfffffff}] -regs
configparams force-mem-access 1
targets -set -nocase -filter {name =~"APU*"}
configparams mdm-detect-bscan-mask 2
targets -set -nocase -filter {name =~ "*microblaze*#0" && bscan=="USER2" }
dow C:/Users/cbowlieu/github/Projet-S4/ZYBO/ZYBO_PROJET_S4/VITIS_WORKSPACE/ZYBO_PROJET_S4/Debug/ZYBO_PROJET_S4.elf
configparams force-mem-access 0
----------------End of Script----------------

22:09:12 INFO  : Context for processor 'microblaze_0' is selected.
22:09:12 INFO  : 'con' command is executed.
22:09:12 INFO  : ----------------XSDB Script (After Launch)----------------
targets -set -nocase -filter {name =~ "*microblaze*#0" && bscan=="USER2" }
con
----------------End of Script----------------

22:09:12 INFO  : Launch script is exported to file 'C:\Users\cbowlieu\github\Projet-S4\ZYBO\ZYBO_PROJET_S4\VITIS_WORKSPACE\ZYBO_PROJET_S4_system\_ide\scripts\debugger_zybo_projet_s4-default.tcl'
