
*** Running vivado
    with args -log main_design_ilmb_bram_if_cntlr_0.vds -m64 -product Vivado -mode batch -messageDb vivado.pb -notrace -source main_design_ilmb_bram_if_cntlr_0.tcl



****** Vivado v2020.2 (64-bit)
  **** SW Build 3064766 on Wed Nov 18 09:12:45 MST 2020
  **** IP Build 3064653 on Wed Nov 18 14:17:31 MST 2020
    ** Copyright 1986-2020 Xilinx, Inc. All Rights Reserved.

source main_design_ilmb_bram_if_cntlr_0.tcl -notrace
INFO: [IP_Flow 19-234] Refreshing IP repositories
INFO: [IP_Flow 19-1700] Loaded user IP repository 'c:/Users/Alexi/OneDrive/S4/APP4/ip_repo_s4e/myip_S4e_4reg_1.0'.
INFO: [IP_Flow 19-2313] Loaded Vivado IP repository 'E:/Xilinx/Vivado/2020.2/data/ip'.
INFO: [IP_Flow 19-4838] Using cached IP synthesis design for IP main_design_ilmb_bram_if_cntlr_0, cache-ID = a7ffeaa02e196f57.
INFO: [Common 17-206] Exiting Vivado at Tue Jun 21 18:02:33 2022...

*** Running vivado
    with args -log main_design_ilmb_bram_if_cntlr_0.vds -m64 -product Vivado -mode batch -messageDb vivado.pb -notrace -source main_design_ilmb_bram_if_cntlr_0.tcl



****** Vivado v2020.2 (64-bit)
  **** SW Build 3064766 on Wed Nov 18 09:12:45 MST 2020
  **** IP Build 3064653 on Wed Nov 18 14:17:31 MST 2020
    ** Copyright 1986-2020 Xilinx, Inc. All Rights Reserved.

source main_design_ilmb_bram_if_cntlr_0.tcl -notrace
INFO: [IP_Flow 19-234] Refreshing IP repositories
INFO: [IP_Flow 19-1700] Loaded user IP repository 'c:/Users/Alexi/OneDrive/S4/APP4/ip_repo_s4e/myip_S4e_4reg_1.0'.
INFO: [IP_Flow 19-2313] Loaded Vivado IP repository 'E:/Xilinx/Vivado/2020.2/data/ip'.
INFO: [IP_Flow 19-4838] Using cached IP synthesis design for IP main_design_ilmb_bram_if_cntlr_0, cache-ID = a7ffeaa02e196f57.
INFO: [Common 17-206] Exiting Vivado at Tue Jun 21 18:05:04 2022...
