#-----------------------------------------------------------
# Vivado v2020.2 (64-bit)
# SW Build 3064766 on Wed Nov 18 09:12:45 MST 2020
# IP Build 3064653 on Wed Nov 18 14:17:31 MST 2020
# Start of session at: Sun Feb 25 17:31:14 2024
# Process ID: 25896
# Current directory: C:/Users/cbowlieu/APP4/Code_S_trous/SuperMegaFinal_update/S4e_Depart
# Command line: vivado.exe -gui_launcher_event rodinguilauncherevent11684 C:\Users\cbowlieu\APP4\Code_S_trous\SuperMegaFinal_update\S4e_Depart\S4e_Depart.xpr
# Log file: C:/Users/cbowlieu/APP4/Code_S_trous/SuperMegaFinal_update/S4e_Depart/vivado.log
# Journal file: C:/Users/cbowlieu/APP4/Code_S_trous/SuperMegaFinal_update/S4e_Depart\vivado.jou
#-----------------------------------------------------------
start_gui
open_project C:/Users/cbowlieu/APP4/Code_S_trous/SuperMegaFinal_update/S4e_Depart/S4e_Depart.xpr
CRITICAL WARNING: [Project 1-19] Could not find the file 'C:/Users/cbowlieu/Desktop/mux2.vhd'.
Scanning sources...
Finished scanning sources
WARNING: [Project 1-865] Could not find the file C:/Users/cbowlieu/APP4/Alexi/OneDrive/S4/APP4/S4e_Depart_etud/main_design_wrapper_routed.dcp
WARNING: [Project 1-865] Could not find the file C:/Users/cbowlieu/APP4/Alexi/OneDrive/S4/APP4/S4e_Depart_etud/main_design_wrapper.dcp
WARNING: [Project 1-865] Could not find the file C:/Users/cbowlieu/APP4/Alexi/OneDrive/S4/APP4/S4e_Depart_etud/main_design_wrapper_routed.dcp
WARNING: [Project 1-865] Could not find the file C:/Users/cbowlieu/APP4/Alexi/OneDrive/S4/APP4/S4e_Depart_etud/main_design_wrapper.dcp
WARNING: [Project 1-865] Could not find the file C:/Users/cbowlieu/APP4/Alexi/OneDrive/S4/APP4/S4e_Depart_etud/main_design_wrapper_routed.dcp
WARNING: [Project 1-865] Could not find the file C:/Users/cbowlieu/APP4/Alexi/OneDrive/S4/APP4/S4e_Depart_etud/main_design_wrapper.dcp
WARNING: [Project 1-865] Could not find the file C:/Users/cbowlieu/APP4/Alexi/OneDrive/S4/APP4/S4e_Depart_etud/main_design_wrapper_routed.dcp
WARNING: [Project 1-865] Could not find the file C:/Users/cbowlieu/APP4/Alexi/OneDrive/S4/APP4/S4e_Depart_etud/main_design_wrapper.dcp
INFO: [IP_Flow 19-234] Refreshing IP repositories
INFO: [IP_Flow 19-1700] Loaded user IP repository 'c:/Users/cbowlieu/APP4/Code_S_trous/SuperMegaFinal_update/S4e_Depart/S4e_Depart.ipdefs/myip_S4e_4reg_1.0'.
INFO: [IP_Flow 19-2313] Loaded Vivado IP repository 'C:/Xilinx/Vivado/2020.2/data/ip'.
open_project: Time (s): cpu = 00:00:13 ; elapsed = 00:00:15 . Memory (MB): peak = 1089.094 ; gain = 0.000
exit
INFO: [Common 17-206] Exiting Vivado at Sun Feb 25 17:31:56 2024...
