Copyright 1986-2020 Xilinx, Inc. All Rights Reserved.
----------------------------------------------------------------------------------------------------------------------------------------------------------------------
| Tool Version     : Vivado v.2020.2 (win64) Build 3064766 Wed Nov 18 09:12:45 MST 2020
| Date             : Mon Mar 18 20:07:35 2024
| Host             : LAPTOP running 64-bit major release  (build 9200)
| Command          : report_power -file design_1_wrapper_power_routed.rpt -pb design_1_wrapper_power_summary_routed.pb -rpx design_1_wrapper_power_routed.rpx
| Design           : design_1_wrapper
| Device           : xc7z010clg400-1
| Design State     : routed
| Grade            : commercial
| Process          : typical
| Characterization : Production
----------------------------------------------------------------------------------------------------------------------------------------------------------------------

Power Report

Table of Contents
-----------------
1. Summary
1.1 On-Chip Components
1.2 Power Supply Summary
1.3 Confidence Level
2. Settings
2.1 Environment
2.2 Clock Constraints
3. Detailed Reports
3.1 By Hierarchy

1. Summary
----------

+--------------------------+--------------+
| Total On-Chip Power (W)  | 1.665        |
| Design Power Budget (W)  | Unspecified* |
| Power Budget Margin (W)  | NA           |
| Dynamic (W)              | 1.540        |
| Device Static (W)        | 0.125        |
| Effective TJA (C/W)      | 11.5         |
| Max Ambient (C)          | 65.8         |
| Junction Temperature (C) | 44.2         |
| Confidence Level         | Low          |
| Setting File             | ---          |
| Simulation Activity File | ---          |
| Design Nets Matched      | NA           |
+--------------------------+--------------+
* Specify Design Power Budget using, set_operating_conditions -design_power_budget <value in Watts>


1.1 On-Chip Components
----------------------

+--------------------------+-----------+----------+-----------+-----------------+
| On-Chip                  | Power (W) | Used     | Available | Utilization (%) |
+--------------------------+-----------+----------+-----------+-----------------+
| Clocks                   |     0.022 |       14 |       --- |             --- |
| Slice Logic              |     0.004 |    11761 |       --- |             --- |
|   LUT as Logic           |     0.003 |     3213 |     17600 |           18.26 |
|   LUT as Distributed RAM |    <0.001 |      184 |      6000 |            3.07 |
|   Register               |    <0.001 |     5947 |     35200 |           16.89 |
|   CARRY4                 |    <0.001 |      124 |      4400 |            2.82 |
|   F7/F8 Muxes            |    <0.001 |      167 |     17600 |            0.95 |
|   LUT as Shift Register  |    <0.001 |      203 |      6000 |            3.38 |
|   Others                 |    <0.001 |      961 |       --- |             --- |
| Signals                  |     0.007 |     8502 |       --- |             --- |
| Block RAM                |     0.004 |       18 |        60 |           30.00 |
| MMCM                     |     0.103 |        1 |         2 |           50.00 |
| I/O                      |     0.002 |       10 |       100 |           10.00 |
| PS7                      |     1.398 |        1 |       --- |             --- |
| Static Power             |     0.125 |          |           |                 |
| Total                    |     1.665 |          |           |                 |
+--------------------------+-----------+----------+-----------+-----------------+


1.2 Power Supply Summary
------------------------

+-----------+-------------+-----------+-------------+------------+-------------+-------------+------------+
| Source    | Voltage (V) | Total (A) | Dynamic (A) | Static (A) | Powerup (A) | Budget (A)  | Margin (A) |
+-----------+-------------+-----------+-------------+------------+-------------+-------------+------------+
| Vccint    |       1.000 |     0.046 |       0.038 |      0.008 |       NA    | Unspecified | NA         |
| Vccaux    |       1.800 |     0.065 |       0.057 |      0.008 |       NA    | Unspecified | NA         |
| Vcco33    |       3.300 |     0.001 |       0.000 |      0.001 |       NA    | Unspecified | NA         |
| Vcco25    |       2.500 |     0.000 |       0.000 |      0.000 |       NA    | Unspecified | NA         |
| Vcco18    |       1.800 |     0.000 |       0.000 |      0.000 |       NA    | Unspecified | NA         |
| Vcco15    |       1.500 |     0.000 |       0.000 |      0.000 |       NA    | Unspecified | NA         |
| Vcco135   |       1.350 |     0.000 |       0.000 |      0.000 |       NA    | Unspecified | NA         |
| Vcco12    |       1.200 |     0.000 |       0.000 |      0.000 |       NA    | Unspecified | NA         |
| Vccaux_io |       1.800 |     0.000 |       0.000 |      0.000 |       NA    | Unspecified | NA         |
| Vccbram   |       1.000 |     0.002 |       0.000 |      0.002 |       NA    | Unspecified | NA         |
| MGTAVcc   |       1.000 |     0.000 |       0.000 |      0.000 |       NA    | Unspecified | NA         |
| MGTAVtt   |       1.200 |     0.000 |       0.000 |      0.000 |       NA    | Unspecified | NA         |
| MGTVccaux |       1.800 |     0.000 |       0.000 |      0.000 |       NA    | Unspecified | NA         |
| Vccpint   |       1.000 |     0.746 |       0.716 |      0.030 |       NA    | Unspecified | NA         |
| Vccpaux   |       1.800 |     0.061 |       0.051 |      0.010 |       NA    | Unspecified | NA         |
| Vccpll    |       1.800 |     0.017 |       0.014 |      0.003 |       NA    | Unspecified | NA         |
| Vcco_ddr  |       1.350 |     0.413 |       0.411 |      0.002 |       NA    | Unspecified | NA         |
| Vcco_mio0 |       3.300 |     0.003 |       0.002 |      0.001 |       NA    | Unspecified | NA         |
| Vcco_mio1 |       1.800 |     0.003 |       0.002 |      0.001 |       NA    | Unspecified | NA         |
| Vccadc    |       1.800 |     0.020 |       0.000 |      0.020 |       NA    | Unspecified | NA         |
+-----------+-------------+-----------+-------------+------------+-------------+-------------+------------+


1.3 Confidence Level
--------------------

+-----------------------------+------------+--------------------------------------------------------+------------------------------------------------------------------------------------------------------------+
| User Input Data             | Confidence | Details                                                | Action                                                                                                     |
+-----------------------------+------------+--------------------------------------------------------+------------------------------------------------------------------------------------------------------------+
| Design implementation state | High       | Design is routed                                       |                                                                                                            |
| Clock nodes activity        | High       | User specified more than 95% of clocks                 |                                                                                                            |
| I/O nodes activity          | Low        | More than 75% of inputs are missing user specification | Provide missing input activity with simulation results or by editing the "By Resource Type -> I/Os" view   |
| Internal nodes activity     | Medium     | User specified less than 25% of internal nodes         | Provide missing internal nodes activity with simulation results or by editing the "By Resource Type" views |
| Device models               | High       | Device models are Production                           |                                                                                                            |
|                             |            |                                                        |                                                                                                            |
| Overall confidence level    | Low        |                                                        |                                                                                                            |
+-----------------------------+------------+--------------------------------------------------------+------------------------------------------------------------------------------------------------------------+


2. Settings
-----------

2.1 Environment
---------------

+-----------------------+------------------------+
| Ambient Temp (C)      | 25.0                   |
| ThetaJA (C/W)         | 11.5                   |
| Airflow (LFM)         | 250                    |
| Heat Sink             | none                   |
| ThetaSA (C/W)         | 0.0                    |
| Board Selection       | medium (10"x10")       |
| # of Board Layers     | 8to11 (8 to 11 Layers) |
| Board Temperature (C) | 25.0                   |
+-----------------------+------------------------+


2.2 Clock Constraints
---------------------

+--------------------------------------------------------------------------------------------+----------------------------------------------------------------------+-----------------+
| Clock                                                                                      | Domain                                                               | Constraint (ns) |
+--------------------------------------------------------------------------------------------+----------------------------------------------------------------------+-----------------+
| clk_out1_design_1_clk_wiz_1_0                                                              | design_1_i/clk_wiz_1/inst/clk_out1_design_1_clk_wiz_1_0              |            10.0 |
| clk_out1_design_1_clk_wiz_1_0_1                                                            | design_1_i/clk_wiz_1/inst/clk_out1_design_1_clk_wiz_1_0              |            10.0 |
| clk_out2_design_1_clk_wiz_1_0                                                              | design_1_i/clk_wiz_1/inst/clk_out2_design_1_clk_wiz_1_0              |            81.4 |
| clk_out2_design_1_clk_wiz_1_0_1                                                            | design_1_i/clk_wiz_1/inst/clk_out2_design_1_clk_wiz_1_0              |            81.4 |
| clkfbout_design_1_clk_wiz_1_0                                                              | design_1_i/clk_wiz_1/inst/clkfbout_design_1_clk_wiz_1_0              |            40.0 |
| clkfbout_design_1_clk_wiz_1_0_1                                                            | design_1_i/clk_wiz_1/inst/clkfbout_design_1_clk_wiz_1_0              |            40.0 |
| dbg_hub/inst/BSCANID.u_xsdbm_id/SWITCH_N_EXT_BSCAN.bscan_inst/SERIES7_BSCAN.bscan_inst/TCK | dbg_hub/inst/BSCANID.u_xsdbm_id/SWITCH_N_EXT_BSCAN.bscan_inst/tck_bs |            33.0 |
| design_1_i/mdm_1/U0/Use_E2.BSCAN_I/Use_E2.BSCANE2_I/DRCK                                   | design_1_i/mdm_1/U0/Use_E2.BSCAN_I/DRCK                              |            33.3 |
| design_1_i/mdm_1/U0/Use_E2.BSCAN_I/Use_E2.BSCANE2_I/UPDATE                                 | design_1_i/mdm_1/U0/Use_E2.BSCAN_I/Dbg_Update_0                      |            33.3 |
| sys_clk_pin                                                                                | sysclk                                                               |             8.0 |
| sysclk                                                                                     | sysclk                                                               |             8.0 |
+--------------------------------------------------------------------------------------------+----------------------------------------------------------------------+-----------------+


3. Detailed Reports
-------------------

3.1 By Hierarchy
----------------

+-------------------------------+-----------+
| Name                          | Power (W) |
+-------------------------------+-----------+
| design_1_wrapper              |     1.540 |
|   dbg_hub                     |     0.003 |
|     inst                      |     0.003 |
|       BSCANID.u_xsdbm_id      |     0.003 |
|   design_1_i                  |     1.536 |
|     axi_iic_0                 |     0.002 |
|       U0                      |     0.002 |
|     axi_traffic_gen_0         |     0.001 |
|       inst                    |     0.001 |
|     clk_wiz_1                 |     0.103 |
|       inst                    |     0.103 |
|     i2s_receiver_0            |     0.006 |
|       inst                    |     0.006 |
|     ila_0                     |     0.008 |
|       U0                      |     0.008 |
|     microblaze_0              |     0.011 |
|       U0                      |     0.011 |
|     microblaze_0_axi_intc     |     0.001 |
|       U0                      |     0.001 |
|     microblaze_0_local_memory |     0.003 |
|       lmb_bram                |     0.003 |
|     processing_system7_0      |     1.398 |
|       inst                    |     1.398 |
+-------------------------------+-----------+


