
*** Running vivado
    with args -log design_1_xfft_0_1.vds -m64 -product Vivado -mode batch -messageDb vivado.pb -notrace -source design_1_xfft_0_1.tcl



****** Vivado v2020.2 (64-bit)
  **** SW Build 3064766 on Wed Nov 18 09:12:45 MST 2020
  **** IP Build 3064653 on Wed Nov 18 14:17:31 MST 2020
    ** Copyright 1986-2020 Xilinx, Inc. All Rights Reserved.

source design_1_xfft_0_1.tcl -notrace
Command: synth_design -top design_1_xfft_0_1 -part xc7z010clg400-1 -mode out_of_context
Starting synth_design
Attempting to get a license for feature 'Synthesis' and/or device 'xc7z010'
INFO: [Common 17-349] Got license for feature 'Synthesis' and/or device 'xc7z010'
INFO: [Device 21-403] Loading part xc7z010clg400-1
INFO: [Synth 8-7079] Multithreading enabled for synth_design using a maximum of 2 processes.
INFO: [Synth 8-7078] Launching helper process for spawning children vivado processes
INFO: [Synth 8-7075] Helper process launched with PID 22228
---------------------------------------------------------------------------------
Starting RTL Elaboration : Time (s): cpu = 00:00:07 ; elapsed = 00:00:09 . Memory (MB): peak = 1114.809 ; gain = 0.000
---------------------------------------------------------------------------------
INFO: [Synth 8-638] synthesizing module 'design_1_xfft_0_1' [c:/Users/cbowlieu/github/Projet-S4/ZYBO/ZYBO_PROJET_S4/ZYBO_PROJET_S4.gen/sources_1/bd/design_1/ip/design_1_xfft_0_1/synth/design_1_xfft_0_1.vhd:83]
	Parameter C_XDEVICEFAMILY bound to: zynq - type: string 
	Parameter C_PART bound to: xc7z010clg400-1 - type: string 
	Parameter C_S_AXIS_CONFIG_TDATA_WIDTH bound to: 16 - type: integer 
	Parameter C_S_AXIS_DATA_TDATA_WIDTH bound to: 32 - type: integer 
	Parameter C_M_AXIS_DATA_TDATA_WIDTH bound to: 32 - type: integer 
	Parameter C_M_AXIS_DATA_TUSER_WIDTH bound to: 8 - type: integer 
	Parameter C_M_AXIS_STATUS_TDATA_WIDTH bound to: 1 - type: integer 
	Parameter C_THROTTLE_SCHEME bound to: 1 - type: integer 
	Parameter C_CHANNELS bound to: 1 - type: integer 
	Parameter C_NFFT_MAX bound to: 7 - type: integer 
	Parameter C_ARCH bound to: 3 - type: integer 
	Parameter C_HAS_NFFT bound to: 0 - type: integer 
	Parameter C_USE_FLT_PT bound to: 0 - type: integer 
	Parameter C_INPUT_WIDTH bound to: 16 - type: integer 
	Parameter C_TWIDDLE_WIDTH bound to: 16 - type: integer 
	Parameter C_OUTPUT_WIDTH bound to: 16 - type: integer 
	Parameter C_HAS_SCALING bound to: 1 - type: integer 
	Parameter C_HAS_BFP bound to: 0 - type: integer 
	Parameter C_HAS_ROUNDING bound to: 1 - type: integer 
	Parameter C_HAS_ACLKEN bound to: 0 - type: integer 
	Parameter C_HAS_ARESETN bound to: 0 - type: integer 
	Parameter C_HAS_OVFLO bound to: 0 - type: integer 
	Parameter C_HAS_NATURAL_INPUT bound to: 1 - type: integer 
	Parameter C_HAS_NATURAL_OUTPUT bound to: 1 - type: integer 
	Parameter C_HAS_CYCLIC_PREFIX bound to: 0 - type: integer 
	Parameter C_HAS_XK_INDEX bound to: 1 - type: integer 
	Parameter C_DATA_MEM_TYPE bound to: 1 - type: integer 
	Parameter C_TWIDDLE_MEM_TYPE bound to: 1 - type: integer 
	Parameter C_BRAM_STAGES bound to: 0 - type: integer 
	Parameter C_REORDER_MEM_TYPE bound to: 1 - type: integer 
	Parameter C_USE_HYBRID_RAM bound to: 0 - type: integer 
	Parameter C_OPTIMIZE_GOAL bound to: 0 - type: integer 
	Parameter C_CMPY_TYPE bound to: 1 - type: integer 
	Parameter C_BFLY_TYPE bound to: 0 - type: integer 
INFO: [Synth 8-3491] module 'xfft_v9_1_5' declared at 'c:/Users/cbowlieu/github/Projet-S4/ZYBO/ZYBO_PROJET_S4/ZYBO_PROJET_S4.gen/sources_1/bd/design_1/ipshared/58b9/hdl/xfft_v9_1_vh_rfs.vhd:103739' bound to instance 'U0' of component 'xfft_v9_1_5' [c:/Users/cbowlieu/github/Projet-S4/ZYBO/ZYBO_PROJET_S4/ZYBO_PROJET_S4.gen/sources_1/bd/design_1/ip/design_1_xfft_0_1/synth/design_1_xfft_0_1.vhd:205]
INFO: [Synth 8-256] done synthesizing module 'design_1_xfft_0_1' (55#1) [c:/Users/cbowlieu/github/Projet-S4/ZYBO/ZYBO_PROJET_S4/ZYBO_PROJET_S4.gen/sources_1/bd/design_1/ip/design_1_xfft_0_1/synth/design_1_xfft_0_1.vhd:83]
---------------------------------------------------------------------------------
Finished RTL Elaboration : Time (s): cpu = 00:00:48 ; elapsed = 00:00:52 . Memory (MB): peak = 2295.547 ; gain = 1180.738
---------------------------------------------------------------------------------
---------------------------------------------------------------------------------
Start Handling Custom Attributes
---------------------------------------------------------------------------------
---------------------------------------------------------------------------------
Finished Handling Custom Attributes : Time (s): cpu = 00:00:49 ; elapsed = 00:00:53 . Memory (MB): peak = 2295.547 ; gain = 1180.738
---------------------------------------------------------------------------------
---------------------------------------------------------------------------------
Finished RTL Optimization Phase 1 : Time (s): cpu = 00:00:49 ; elapsed = 00:00:53 . Memory (MB): peak = 2295.547 ; gain = 1180.738
---------------------------------------------------------------------------------
Netlist sorting complete. Time (s): cpu = 00:00:01 ; elapsed = 00:00:00.254 . Memory (MB): peak = 2295.547 ; gain = 0.000
INFO: [Netlist 29-17] Analyzing 1679 Unisim elements for replacement
INFO: [Netlist 29-28] Unisim Transformation completed in 0 CPU seconds
INFO: [Project 1-570] Preparing netlist for logic optimization

Processing XDC Constraints
Initializing timing engine
Parsing XDC File [c:/Users/cbowlieu/github/Projet-S4/ZYBO/ZYBO_PROJET_S4/ZYBO_PROJET_S4.gen/sources_1/bd/design_1/ip/design_1_xfft_0_1/design_1_xfft_0_1_ooc.xdc] for cell 'U0'
Finished Parsing XDC File [c:/Users/cbowlieu/github/Projet-S4/ZYBO/ZYBO_PROJET_S4/ZYBO_PROJET_S4.gen/sources_1/bd/design_1/ip/design_1_xfft_0_1/design_1_xfft_0_1_ooc.xdc] for cell 'U0'
Parsing XDC File [C:/Users/cbowlieu/github/Projet-S4/ZYBO/ZYBO_PROJET_S4/ZYBO_PROJET_S4.runs/design_1_xfft_0_1_synth_1/dont_touch.xdc]
Finished Parsing XDC File [C:/Users/cbowlieu/github/Projet-S4/ZYBO/ZYBO_PROJET_S4/ZYBO_PROJET_S4.runs/design_1_xfft_0_1_synth_1/dont_touch.xdc]
Completed Processing XDC Constraints

Netlist sorting complete. Time (s): cpu = 00:00:00 ; elapsed = 00:00:00.007 . Memory (MB): peak = 2295.547 ; gain = 0.000
INFO: [Project 1-111] Unisim Transformation Summary:
  A total of 300 instances were transformed.
  FD => FDRE: 3 instances
  FDE => FDRE: 268 instances
  FDR => FDRE: 29 instances

Constraint Validation Runtime : Time (s): cpu = 00:00:00 ; elapsed = 00:00:00.251 . Memory (MB): peak = 2295.547 ; gain = 0.000
---------------------------------------------------------------------------------
Finished Constraint Validation : Time (s): cpu = 00:00:57 ; elapsed = 00:01:01 . Memory (MB): peak = 2295.547 ; gain = 1180.738
---------------------------------------------------------------------------------
---------------------------------------------------------------------------------
Start Loading Part and Timing Information
---------------------------------------------------------------------------------
Loading part: xc7z010clg400-1
---------------------------------------------------------------------------------
Finished Loading Part and Timing Information : Time (s): cpu = 00:00:57 ; elapsed = 00:01:01 . Memory (MB): peak = 2295.547 ; gain = 1180.738
---------------------------------------------------------------------------------
---------------------------------------------------------------------------------
Start Applying 'set_property' XDC Constraints
---------------------------------------------------------------------------------
Applied set_property KEEP_HIERARCHY = SOFT for U0. (constraint file  C:/Users/cbowlieu/github/Projet-S4/ZYBO/ZYBO_PROJET_S4/ZYBO_PROJET_S4.runs/design_1_xfft_0_1_synth_1/dont_touch.xdc, line 9).
---------------------------------------------------------------------------------
Finished applying 'set_property' XDC Constraints : Time (s): cpu = 00:00:57 ; elapsed = 00:01:01 . Memory (MB): peak = 2295.547 ; gain = 1180.738
---------------------------------------------------------------------------------
---------------------------------------------------------------------------------
Finished RTL Optimization Phase 2 : Time (s): cpu = 00:01:00 ; elapsed = 00:01:04 . Memory (MB): peak = 2295.547 ; gain = 1180.738
---------------------------------------------------------------------------------
INFO: [Synth 8-223] decloning instance 'U0/i_synth/xfft_inst/non_floating_point.arch_d.xfft_inst/pe_gen[3].natural_order_input.PE/SR2' (shift_ram__parameterized64) to 'U0/i_synth/xfft_inst/non_floating_point.arch_d.xfft_inst/pe_gen[3].natural_order_input.PE/SR3'
---------------------------------------------------------------------------------
Start RTL Component Statistics 
---------------------------------------------------------------------------------
---------------------------------------------------------------------------------
Finished RTL Component Statistics 
---------------------------------------------------------------------------------
---------------------------------------------------------------------------------
Start Part Resource Summary
---------------------------------------------------------------------------------
Part Resources:
DSPs: 80 (col length:40)
BRAMs: 120 (col length: RAMB18 40 RAMB36 20)
---------------------------------------------------------------------------------
Finished Part Resource Summary
---------------------------------------------------------------------------------
---------------------------------------------------------------------------------
Start Cross Boundary and Area Optimization
---------------------------------------------------------------------------------
---------------------------------------------------------------------------------
Finished Cross Boundary and Area Optimization : Time (s): cpu = 00:01:04 ; elapsed = 00:01:09 . Memory (MB): peak = 2295.547 ; gain = 1180.738
---------------------------------------------------------------------------------
---------------------------------------------------------------------------------
Start Applying XDC Timing Constraints
---------------------------------------------------------------------------------
---------------------------------------------------------------------------------
Finished Applying XDC Timing Constraints : Time (s): cpu = 00:01:12 ; elapsed = 00:01:16 . Memory (MB): peak = 2295.547 ; gain = 1180.738
---------------------------------------------------------------------------------
---------------------------------------------------------------------------------
Start Timing Optimization
---------------------------------------------------------------------------------
---------------------------------------------------------------------------------
Finished Timing Optimization : Time (s): cpu = 00:01:13 ; elapsed = 00:01:18 . Memory (MB): peak = 2295.547 ; gain = 1180.738
---------------------------------------------------------------------------------
---------------------------------------------------------------------------------
Start Technology Mapping
---------------------------------------------------------------------------------
---------------------------------------------------------------------------------
Finished Technology Mapping : Time (s): cpu = 00:01:15 ; elapsed = 00:01:20 . Memory (MB): peak = 2295.547 ; gain = 1180.738
---------------------------------------------------------------------------------
---------------------------------------------------------------------------------
Start IO Insertion
---------------------------------------------------------------------------------
---------------------------------------------------------------------------------
Start Flattening Before IO Insertion
---------------------------------------------------------------------------------
---------------------------------------------------------------------------------
Finished Flattening Before IO Insertion
---------------------------------------------------------------------------------
---------------------------------------------------------------------------------
Start Final Netlist Cleanup
---------------------------------------------------------------------------------
---------------------------------------------------------------------------------
Finished Final Netlist Cleanup
---------------------------------------------------------------------------------
---------------------------------------------------------------------------------
Finished IO Insertion : Time (s): cpu = 00:01:17 ; elapsed = 00:01:23 . Memory (MB): peak = 2295.547 ; gain = 1180.738
---------------------------------------------------------------------------------
---------------------------------------------------------------------------------
Start Renaming Generated Instances
---------------------------------------------------------------------------------
---------------------------------------------------------------------------------
Finished Renaming Generated Instances : Time (s): cpu = 00:01:17 ; elapsed = 00:01:23 . Memory (MB): peak = 2295.547 ; gain = 1180.738
---------------------------------------------------------------------------------
---------------------------------------------------------------------------------
Start Rebuilding User Hierarchy
---------------------------------------------------------------------------------
---------------------------------------------------------------------------------
Finished Rebuilding User Hierarchy : Time (s): cpu = 00:01:18 ; elapsed = 00:01:23 . Memory (MB): peak = 2295.547 ; gain = 1180.738
---------------------------------------------------------------------------------
---------------------------------------------------------------------------------
Start Renaming Generated Ports
---------------------------------------------------------------------------------
---------------------------------------------------------------------------------
Finished Renaming Generated Ports : Time (s): cpu = 00:01:18 ; elapsed = 00:01:23 . Memory (MB): peak = 2295.547 ; gain = 1180.738
---------------------------------------------------------------------------------
---------------------------------------------------------------------------------
Start Handling Custom Attributes
---------------------------------------------------------------------------------
---------------------------------------------------------------------------------
Finished Handling Custom Attributes : Time (s): cpu = 00:01:18 ; elapsed = 00:01:24 . Memory (MB): peak = 2295.547 ; gain = 1180.738
---------------------------------------------------------------------------------
---------------------------------------------------------------------------------
Start Renaming Generated Nets
---------------------------------------------------------------------------------
---------------------------------------------------------------------------------
Finished Renaming Generated Nets : Time (s): cpu = 00:01:18 ; elapsed = 00:01:24 . Memory (MB): peak = 2295.547 ; gain = 1180.738
---------------------------------------------------------------------------------
---------------------------------------------------------------------------------
Start Writing Synthesis Report
---------------------------------------------------------------------------------

Report BlackBoxes: 
+-+--------------+----------+
| |BlackBox name |Instances |
+-+--------------+----------+
+-+--------------+----------+

Report Cell Usage: 
+------+---------+------+
|      |Cell     |Count |
+------+---------+------+
|1     |CARRY4   |    28|
|2     |DSP48E1  |     9|
|4     |LUT1     |    26|
|5     |LUT2     |   398|
|6     |LUT3     |   838|
|7     |LUT4     |   134|
|8     |LUT5     |    51|
|9     |LUT6     |   265|
|10    |MUXCY    |   697|
|11    |RAMB18E1 |     1|
|12    |SRL16E   |   846|
|13    |SRLC32E  |   142|
|14    |XORCY    |   666|
|15    |FD       |     3|
|16    |FDE      |   265|
|17    |FDR      |    28|
|18    |FDRE     |  2961|
+------+---------+------+
---------------------------------------------------------------------------------
Finished Writing Synthesis Report : Time (s): cpu = 00:01:18 ; elapsed = 00:01:24 . Memory (MB): peak = 2295.547 ; gain = 1180.738
---------------------------------------------------------------------------------
Synthesis finished with 0 errors, 0 critical warnings and 0 warnings.
Synthesis Optimization Runtime : Time (s): cpu = 00:00:24 ; elapsed = 00:01:19 . Memory (MB): peak = 2295.547 ; gain = 1180.738
Synthesis Optimization Complete : Time (s): cpu = 00:01:18 ; elapsed = 00:01:24 . Memory (MB): peak = 2295.547 ; gain = 1180.738
INFO: [Project 1-571] Translating synthesized netlist
Netlist sorting complete. Time (s): cpu = 00:00:00 ; elapsed = 00:00:00.138 . Memory (MB): peak = 2295.547 ; gain = 0.000
INFO: [Netlist 29-17] Analyzing 1697 Unisim elements for replacement
INFO: [Netlist 29-28] Unisim Transformation completed in 0 CPU seconds
INFO: [Project 1-570] Preparing netlist for logic optimization
INFO: [Opt 31-138] Pushed 0 inverter(s) to 0 load pin(s).
Netlist sorting complete. Time (s): cpu = 00:00:00 ; elapsed = 00:00:00.003 . Memory (MB): peak = 2295.547 ; gain = 0.000
INFO: [Project 1-111] Unisim Transformation Summary:
  A total of 507 instances were transformed.
  (MUXCY,XORCY) => CARRY4: 211 instances
  FD => FDRE: 3 instances
  FDE => FDRE: 265 instances
  FDR => FDRE: 28 instances

INFO: [Common 17-83] Releasing license: Synthesis
20 Infos, 0 Warnings, 0 Critical Warnings and 0 Errors encountered.
synth_design completed successfully
synth_design: Time (s): cpu = 00:01:25 ; elapsed = 00:01:32 . Memory (MB): peak = 2295.547 ; gain = 1180.738
INFO: [Common 17-600] The following parameters have non-default value.
tcl.collectionResultDisplayLimit
INFO: [Common 17-1381] The checkpoint 'C:/Users/cbowlieu/github/Projet-S4/ZYBO/ZYBO_PROJET_S4/ZYBO_PROJET_S4.runs/design_1_xfft_0_1_synth_1/design_1_xfft_0_1.dcp' has been generated.
WARNING: [Common 17-576] 'use_project_ipc' is deprecated. This option is deprecated and no longer used.
INFO: [Coretcl 2-1648] Added synthesis output to IP cache for IP design_1_xfft_0_1, cache-ID = 8f1df2fc2cc9733e
INFO: [Coretcl 2-1174] Renamed 581 cell refs.
INFO: [Common 17-1381] The checkpoint 'C:/Users/cbowlieu/github/Projet-S4/ZYBO/ZYBO_PROJET_S4/ZYBO_PROJET_S4.runs/design_1_xfft_0_1_synth_1/design_1_xfft_0_1.dcp' has been generated.
INFO: [runtcl-4] Executing : report_utilization -file design_1_xfft_0_1_utilization_synth.rpt -pb design_1_xfft_0_1_utilization_synth.pb
INFO: [Common 17-206] Exiting Vivado at Wed Mar 20 20:30:31 2024...
